This is pdfTeX, Version 3.14159265-2.6-1.40.19 (TeX Live 2018) (preloaded format=pdflatex 2019.2.12)  15 MAR 2019 13:13
entering extended mode
 restricted \write18 enabled.
 file:line:error style messages enabled.
 %&-line parsing enabled.
**/Users/ryoga/Documents/Note/Note_Electromagnetism/電気磁気学.tex
(/Users/ryoga/Documents/Note/Note_Electromagnetism/電気磁気学.tex
LaTeX2e <2018-12-01>
(/Users/ryoga/Documents/Note/Note_Electromagnetism/./setting.tex (/usr/local/texlive/2018/texmf-dist/tex/latex/bxjscls/bxjsarticle.cls
Document Class: bxjsarticle 2019/01/13 v1.9e BXJS document classes
(/usr/local/texlive/2018/texmf-dist/tex/latex/tools/calc.sty
Package: calc 2017/05/25 v4.3 Infix arithmetic (KKT,FJ)
\calc@Acount=\count80
\calc@Bcount=\count81
\calc@Adimen=\dimen102
\calc@Bdimen=\dimen103
\calc@Askip=\skip41
\calc@Bskip=\skip42
LaTeX Info: Redefining \setlength on input line 80.
LaTeX Info: Redefining \addtolength on input line 81.
\calc@Ccount=\count82
\calc@Cskip=\skip43
) (/usr/local/texlive/2018/texmf-dist/tex/latex/graphics/keyval.sty
Package: keyval 2014/10/28 v1.15 key=value parser (DPC)
\KV@toks@=\toks14
) (/usr/local/texlive/2018/texmf-dist/tex/latex/bxjscls/bxjscompat.sty
Package: bxjscompat 2019/01/13 v1.9e BXJS document classes
) (/usr/local/texlive/2018/texmf-dist/tex/generic/oberdiek/ifpdf.sty
Package: ifpdf 2018/09/07 v3.3 Provides the ifpdf switch
)
\stockwidth=\dimen104
\stockheight=\dimen105
\jsc@mpt=\dimen106
\jsc@mmm=\dimen107
\jsZw=\dimen108
\jsc@smallskipamount=\skip44
\Cht=\dimen109
\Cdp=\dimen110
\Cwd=\dimen111
\Cvs=\dimen112
\Chs=\dimen113
\fullwidth=\dimen114
 (/usr/local/texlive/2018/texmf-dist/tex/latex/geometry/geometry.sty
Package: geometry 2018/04/16 v5.8 Page Geometry
 (/usr/local/texlive/2018/texmf-dist/tex/generic/oberdiek/ifvtex.sty
Package: ifvtex 2016/05/16 v1.6 Detect VTeX and its facilities (HO)
Package ifvtex Info: VTeX not detected.
) (/usr/local/texlive/2018/texmf-dist/tex/generic/ifxetex/ifxetex.sty
Package: ifxetex 2010/09/12 v0.6 Provides ifxetex conditional
)
\Gm@cnth=\count83
\Gm@cntv=\count84
\c@Gm@tempcnt=\count85
\Gm@bindingoffset=\dimen115
\Gm@wd@mp=\dimen116
\Gm@odd@mp=\dimen117
\Gm@even@mp=\dimen118
\Gm@layoutwidth=\dimen119
\Gm@layoutheight=\dimen120
\Gm@layouthoffset=\dimen121
\Gm@layoutvoffset=\dimen122
\Gm@dimlist=\toks15
)
\c@part=\count86
\c@section=\count87
\c@subsection=\count88
\c@subsubsection=\count89
\c@paragraph=\count90
\c@subparagraph=\count91
\@abstractbox=\box27
\c@figure=\count92
\c@table=\count93
\abovecaptionskip=\skip45
\belowcaptionskip=\skip46
\jsc@tocl@width=\dimen123
\@lnumwidth=\dimen124
\bibindent=\dimen125
 (/usr/local/texlive/2018/texmf-dist/tex/latex/bxwareki/bxwareki.sty
Package: bxwareki 2018/10/01 v0.4
\c@warekiyear=\count94
 (/usr/local/texlive/2018/texmf-dist/tex/latex/bxwareki/bxwareki-cd.def
File: bxwareki-cd.def 2018/10/01 v0.4
))
\heisei=\count95
 (/usr/local/texlive/2018/texmf-dist/tex/latex/bxjscls/bxjsja-standard.def
File: bxjsja-standard.def 2019/01/13 v1.9e BXJS document classes
 (/usr/local/texlive/2018/texmf-dist/tex/latex/bxjscls/bxjsja-minimal.def
File: bxjsja-minimal.def 2019/01/13 v1.9e BXJS document classes
\everypar=\toks16
) (/usr/local/texlive/2018/texmf-dist/tex/latex/bxcjkjatype/bxcjkjatype.sty
Package: bxcjkjatype 2016/10/15 v0.3
Package bxcjkjatype Info: Driver auto-detected: pdftex on input line 144.
 (/usr/local/texlive/2018/texmf-dist/tex/latex/cjk/texinput/CJK.sty
Package: CJK 2015/04/18 4.8.4
 (/usr/local/texlive/2018/texmf-dist/tex/latex/cjk/texinput/mule/MULEenc.sty
Package: MULEenc 2015/04/18 4.8.4
) (/usr/local/texlive/2018/texmf-dist/tex/latex/cjk/texinput/CJK.enc
File: CJK.enc 2015/04/18 4.8.4
Now handling font encoding C00 ...
... no UTF-8 mapping file for font encoding C00
Now handling font encoding C05 ...
... no UTF-8 mapping file for font encoding C05
Now handling font encoding C09 ...
... no UTF-8 mapping file for font encoding C09
Now handling font encoding C10 ...
... no UTF-8 mapping file for font encoding C10
Now handling font encoding C20 ...
... no UTF-8 mapping file for font encoding C20
Now handling font encoding C19 ...
... no UTF-8 mapping file for font encoding C19
Now handling font encoding C40 ...
... no UTF-8 mapping file for font encoding C40
Now handling font encoding C42 ...
... no UTF-8 mapping file for font encoding C42
Now handling font encoding C43 ...
... no UTF-8 mapping file for font encoding C43
Now handling font encoding C50 ...
... no UTF-8 mapping file for font encoding C50
Now handling font encoding C52 ...
... no UTF-8 mapping file for font encoding C52
Now handling font encoding C49 ...
... no UTF-8 mapping file for font encoding C49
Now handling font encoding C60 ...
... no UTF-8 mapping file for font encoding C60
Now handling font encoding C61 ...
... no UTF-8 mapping file for font encoding C61
Now handling font encoding C63 ...
... no UTF-8 mapping file for font encoding C63
Now handling font encoding C64 ...
... no UTF-8 mapping file for font encoding C64
Now handling font encoding C65 ...
... no UTF-8 mapping file for font encoding C65
Now handling font encoding C70 ...
... no UTF-8 mapping file for font encoding C70
Now handling font encoding C31 ...
... no UTF-8 mapping file for font encoding C31
Now handling font encoding C32 ...
... no UTF-8 mapping file for font encoding C32
Now handling font encoding C33 ...
... no UTF-8 mapping file for font encoding C33
Now handling font encoding C34 ...
... no UTF-8 mapping file for font encoding C34
Now handling font encoding C35 ...
... no UTF-8 mapping file for font encoding C35
Now handling font encoding C36 ...
... no UTF-8 mapping file for font encoding C36
Now handling font encoding C37 ...
... no UTF-8 mapping file for font encoding C37
Now handling font encoding C80 ...
... no UTF-8 mapping file for font encoding C80
Now handling font encoding C81 ...
... no UTF-8 mapping file for font encoding C81
Now handling font encoding C01 ...
... no UTF-8 mapping file for font encoding C01
Now handling font encoding C11 ...
... no UTF-8 mapping file for font encoding C11
Now handling font encoding C21 ...
... no UTF-8 mapping file for font encoding C21
Now handling font encoding C41 ...
... no UTF-8 mapping file for font encoding C41
Now handling font encoding C62 ...
... no UTF-8 mapping file for font encoding C62
)
LaTeX Info: Redefining \selectfont on input line 755.
\CJK@indent=\box28
) (/usr/local/texlive/2018/texmf-dist/tex/latex/cjk/texinput/CJKutf8.sty
Package: CJKutf8 2015/04/18 4.8.4
 (/usr/local/texlive/2018/texmf-dist/tex/latex/base/inputenc.sty
Package: inputenc 2018/08/11 v1.3c Input encoding file
\inpenc@prehook=\toks17
\inpenc@posthook=\toks18
) (/usr/local/texlive/2018/texmf-dist/tex/latex/base/fontenc.sty
Package: fontenc 2018/08/11 v2.0j Standard LaTeX package
)) (/usr/local/texlive/2018/texmf-dist/tex/latex/cjk/texinput/CJKspace.sty
Package: CJKspace 2015/04/18 3.8.0
) (/usr/local/texlive/2018/texmf-dist/tex/latex/cjkpunct/CJKpunct.sty
Package: CJKpunct 2016/05/14 4.8.4
\CJKpunct@cnta=\count96
\CJKpunct@cntb=\count97
\CJKpunct@cntc=\count98
\CJKpunct@cntd=\count99
\CJKpunct@cnte=\count100
   defining Unicode char U+2018 (decimal 8216)
   defining Unicode char U+2019 (decimal 8217)
   defining Unicode char U+201C (decimal 8220)
   defining Unicode char U+201D (decimal 8221)
   defining Unicode char U+2014 (decimal 8212)
   defining Unicode char U+2026 (decimal 8230)
 (/usr/local/texlive/2018/texmf-dist/tex/latex/cjkpunct/CJKpunct.spa)) (/usr/local/texlive/2018/texmf-dist/tex/latex/etoolbox/etoolbox.sty
Package: etoolbox 2018/08/19 v2.5f e-TeX tools for LaTeX (JAW)
\etb@tempcnta=\count101
) (/usr/local/texlive/2018/texmf-dist/tex/latex/cjk/texinput/UTF8/UTF8.bdg
File: UTF8.bdg 2015/04/18 4.8.4
))
\jsKanjiSkip=\skip47
\jsXKanjiSkip=\skip48
)) (/usr/local/texlive/2018/texmf-dist/tex/latex/graphics/graphicx.sty
Package: graphicx 2017/06/01 v1.1a Enhanced LaTeX Graphics (DPC,SPQR)
 (/usr/local/texlive/2018/texmf-dist/tex/latex/graphics/graphics.sty
Package: graphics 2017/06/25 v1.2c Standard LaTeX Graphics (DPC,SPQR)
 (/usr/local/texlive/2018/texmf-dist/tex/latex/graphics/trig.sty
Package: trig 2016/01/03 v1.10 sin cos tan (DPC)
) (/usr/local/texlive/2018/texmf-dist/tex/latex/graphics-cfg/graphics.cfg
File: graphics.cfg 2016/06/04 v1.11 sample graphics configuration
)
Package graphics Info: Driver file: pdftex.def on input line 99.
 (/usr/local/texlive/2018/texmf-dist/tex/latex/graphics-def/pdftex.def
File: pdftex.def 2018/01/08 v1.0l Graphics/color driver for pdftex
))
\Gin@req@height=\dimen126
\Gin@req@width=\dimen127
) (/usr/local/texlive/2018/texmf-dist/tex/latex/graphics/color.sty
Package: color 2016/07/10 v1.1e Standard LaTeX Color (DPC)
 (/usr/local/texlive/2018/texmf-dist/tex/latex/graphics-cfg/color.cfg
File: color.cfg 2016/01/02 v1.6 sample color configuration
)
Package color Info: Driver file: pdftex.def on input line 147.
) (/usr/local/texlive/2018/texmf-dist/tex/latex/amsmath/amsmath.sty
Package: amsmath 2018/12/01 v2.17b AMS math features
\@mathmargin=\skip49

For additional information on amsmath, use the `?' option.
(/usr/local/texlive/2018/texmf-dist/tex/latex/amsmath/amstext.sty
Package: amstext 2000/06/29 v2.01 AMS text
 (/usr/local/texlive/2018/texmf-dist/tex/latex/amsmath/amsgen.sty
File: amsgen.sty 1999/11/30 v2.0 generic functions
\@emptytoks=\toks19
\ex@=\dimen128
)) (/usr/local/texlive/2018/texmf-dist/tex/latex/amsmath/amsbsy.sty
Package: amsbsy 1999/11/29 v1.2d Bold Symbols
\pmbraise@=\dimen129
) (/usr/local/texlive/2018/texmf-dist/tex/latex/amsmath/amsopn.sty
Package: amsopn 2016/03/08 v2.02 operator names
)
\inf@bad=\count102
LaTeX Info: Redefining \frac on input line 223.
\uproot@=\count103
\leftroot@=\count104
LaTeX Info: Redefining \overline on input line 385.
\classnum@=\count105
\DOTSCASE@=\count106
LaTeX Info: Redefining \ldots on input line 482.
LaTeX Info: Redefining \dots on input line 485.
LaTeX Info: Redefining \cdots on input line 606.
\Mathstrutbox@=\box29
\strutbox@=\box30
\big@size=\dimen130
LaTeX Font Info:    Redeclaring font encoding OML on input line 729.
LaTeX Font Info:    Redeclaring font encoding OMS on input line 730.
\macc@depth=\count107
\c@MaxMatrixCols=\count108
\dotsspace@=\muskip10
\c@parentequation=\count109
\dspbrk@lvl=\count110
\tag@help=\toks20
\row@=\count111
\column@=\count112
\maxfields@=\count113
\andhelp@=\toks21
\eqnshift@=\dimen131
\alignsep@=\dimen132
\tagshift@=\dimen133
\tagwidth@=\dimen134
\totwidth@=\dimen135
\lineht@=\dimen136
\@envbody=\toks22
\multlinegap=\skip50
\multlinetaggap=\skip51
\mathdisplay@stack=\toks23
LaTeX Info: Redefining \[ on input line 2844.
LaTeX Info: Redefining \] on input line 2845.
) (/usr/local/texlive/2018/texmf-dist/tex/latex/amsfonts/amssymb.sty
Package: amssymb 2013/01/14 v3.01 AMS font symbols
 (/usr/local/texlive/2018/texmf-dist/tex/latex/amsfonts/amsfonts.sty
Package: amsfonts 2013/01/14 v3.01 Basic AMSFonts support
\symAMSa=\mathgroup4
\symAMSb=\mathgroup5
LaTeX Font Info:    Overwriting math alphabet `\mathfrak' in version `bold'
(Font)                  U/euf/m/n --> U/euf/b/n on input line 106.
)) (/usr/local/texlive/2018/texmf-dist/tex/latex/setspace/setspace.sty
Package: setspace 2011/12/19 v6.7a set line spacing
) (/Users/ryoga/Library/texmf/tex/latex/eclclass.sty
\cls@box=\box31
\cls@boxi=\box32
) (/usr/local/texlive/2018/texmf-dist/tex/latex/cases/cases.sty
Package: cases 2002/05/02 ver 2.5 
) (/usr/local/texlive/2018/texmf-dist/tex/latex/here/here.sty) (/usr/local/texlive/2018/texmf-dist/tex/latex/float/float.sty
Package: float 2001/11/08 v1.3d Float enhancements (AL)
\c@float@type=\count114
\float@exts=\toks24
\float@box=\box33
\@float@everytoks=\toks25
\@floatcapt=\box34
) (/usr/local/texlive/2018/texmf-dist/tex/latex/fancyhdr/fancyhdr.sty
Package: fancyhdr 2019/01/31 v3.10 Extensive control of page headers and footers
\f@nch@headwidth=\skip52
\f@nch@O@elh=\skip53
\f@nch@O@erh=\skip54
\f@nch@O@olh=\skip55
\f@nch@O@orh=\skip56
\f@nch@O@elf=\skip57
\f@nch@O@erf=\skip58
\f@nch@O@olf=\skip59
\f@nch@O@orf=\skip60
) (/usr/local/texlive/2018/texmf-dist/tex/latex/ascmac/ascmac.sty
Package: ascmac 2018/03/09 v2.0h ascmac wrapper (community edition) 
 (/usr/local/texlive/2018/texmf-dist/tex/latex/ascmac/tascmac.sty
Package: tascmac 2018/03/09 v2.0h ascmac package (community edition) 
Package tascmac Info: Assuming pdfLaTeX, XeLaTeX or LuaLaTeX on input line 44.
{/usr/local/texlive/2018/texmf-var/fonts/map/pdftex/updmap/pdftex.map}
\scb@x=\box35
\scscb@x=\box36
\@bw=\dimen137
\@nbox=\box37
\@nbody=\box38
\@scw=\dimen138
\ascmac@hoboxa=\box39
\ascmac@hoboxb=\box40
\@itemh=\dimen139
\@iboxpos=\toks26
\@iboxstr=\box41
\@bwsp=\box42
\@@bwsp=\box43
\@bcal=\count115
\shaderule=\dimen140
))) (/Users/ryoga/Documents/Note/Note_Electromagnetism/電気磁気学.aux)
\openout1 = `電気磁気学.aux'.

LaTeX Font Info:    Checking defaults for OML/cmm/m/it on input line 6.
LaTeX Font Info:    ... okay on input line 6.
LaTeX Font Info:    Checking defaults for T1/cmr/m/n on input line 6.
LaTeX Font Info:    ... okay on input line 6.
LaTeX Font Info:    Checking defaults for OT1/cmr/m/n on input line 6.
LaTeX Font Info:    ... okay on input line 6.
LaTeX Font Info:    Checking defaults for OMS/cmsy/m/n on input line 6.
LaTeX Font Info:    ... okay on input line 6.
LaTeX Font Info:    Checking defaults for OMX/cmex/m/n on input line 6.
LaTeX Font Info:    ... okay on input line 6.
LaTeX Font Info:    Checking defaults for U/cmr/m/n on input line 6.
LaTeX Font Info:    ... okay on input line 6.
LaTeX Font Info:    Checking defaults for C00/song/m/n on input line 6.
LaTeX Font Info:    ... okay on input line 6.
LaTeX Font Info:    Checking defaults for C05/song/m/n on input line 6.
LaTeX Font Info:    ... okay on input line 6.
LaTeX Font Info:    Checking defaults for C09/song/m/n on input line 6.
LaTeX Font Info:    ... okay on input line 6.
LaTeX Font Info:    Checking defaults for C10/song/m/n on input line 6.
LaTeX Font Info:    ... okay on input line 6.
LaTeX Font Info:    Checking defaults for C20/song/m/n on input line 6.
LaTeX Font Info:    ... okay on input line 6.
LaTeX Font Info:    Checking defaults for C19/song/m/n on input line 6.
LaTeX Font Info:    ... okay on input line 6.
LaTeX Font Info:    Checking defaults for C40/song/m/n on input line 6.
LaTeX Font Info:    ... okay on input line 6.
LaTeX Font Info:    Checking defaults for C42/song/m/n on input line 6.
LaTeX Font Info:    ... okay on input line 6.
LaTeX Font Info:    Checking defaults for C43/song/m/n on input line 6.
LaTeX Font Info:    ... okay on input line 6.
LaTeX Font Info:    Checking defaults for C50/song/m/n on input line 6.
LaTeX Font Info:    ... okay on input line 6.
LaTeX Font Info:    Checking defaults for C52/song/m/n on input line 6.
LaTeX Font Info:    ... okay on input line 6.
LaTeX Font Info:    Checking defaults for C49/song/m/n on input line 6.
LaTeX Font Info:    ... okay on input line 6.
LaTeX Font Info:    Checking defaults for C60/mj/m/n on input line 6.
LaTeX Font Info:    ... okay on input line 6.
LaTeX Font Info:    Checking defaults for C61/mj/m/n on input line 6.
LaTeX Font Info:    ... okay on input line 6.
LaTeX Font Info:    Checking defaults for C63/mj/m/n on input line 6.
LaTeX Font Info:    ... okay on input line 6.
LaTeX Font Info:    Checking defaults for C64/mj/m/n on input line 6.
LaTeX Font Info:    ... okay on input line 6.
LaTeX Font Info:    Checking defaults for C65/mj/m/n on input line 6.
LaTeX Font Info:    ... okay on input line 6.
LaTeX Font Info:    Checking defaults for C70/song/m/n on input line 6.
LaTeX Font Info:    ... okay on input line 6.
LaTeX Font Info:    Checking defaults for C31/song/m/n on input line 6.
LaTeX Font Info:    ... okay on input line 6.
LaTeX Font Info:    Checking defaults for C32/song/m/n on input line 6.
LaTeX Font Info:    ... okay on input line 6.
LaTeX Font Info:    Checking defaults for C33/song/m/n on input line 6.
LaTeX Font Info:    ... okay on input line 6.
LaTeX Font Info:    Checking defaults for C34/song/m/n on input line 6.
LaTeX Font Info:    ... okay on input line 6.
LaTeX Font Info:    Checking defaults for C35/song/m/n on input line 6.
LaTeX Font Info:    ... okay on input line 6.
LaTeX Font Info:    Checking defaults for C36/song/m/n on input line 6.
LaTeX Font Info:    ... okay on input line 6.
LaTeX Font Info:    Checking defaults for C37/song/m/n on input line 6.
LaTeX Font Info:    ... okay on input line 6.
LaTeX Font Info:    Checking defaults for C80/song/m/n on input line 6.
LaTeX Font Info:    ... okay on input line 6.
LaTeX Font Info:    Checking defaults for C81/song/m/n on input line 6.
LaTeX Font Info:    ... okay on input line 6.
LaTeX Font Info:    Checking defaults for C01/song/m/n on input line 6.
LaTeX Font Info:    ... okay on input line 6.
LaTeX Font Info:    Checking defaults for C11/song/m/n on input line 6.
LaTeX Font Info:    ... okay on input line 6.
LaTeX Font Info:    Checking defaults for C21/song/m/n on input line 6.
LaTeX Font Info:    ... okay on input line 6.
LaTeX Font Info:    Checking defaults for C41/song/m/n on input line 6.
LaTeX Font Info:    ... okay on input line 6.
LaTeX Font Info:    Checking defaults for C62/song/m/n on input line 6.
LaTeX Font Info:    ... okay on input line 6.
Package bxjsarticle Info: Patch to fancyhdr is applied.

*geometry* driver: auto-detecting
*geometry* detected driver: pdftex
*geometry* verbose mode - [ preamble ] result:
* driver: pdftex
* paper: a4paper
* layout: <same size as paper>
* layoutoffset:(h,v)=(0.0pt,0.0pt)
* hratio: 1:1
* vratio: 1:1
* modes: includehead includefoot truedimen 
* h-part:(L,W,R)=(71.70259pt, 454.10269pt, 71.70259pt)
* v-part:(T,H,B)=(71.8282pt, 701.39043pt, 71.82822pt)
* \paperwidth=597.50787pt
* \paperheight=845.04684pt
* \textwidth=453.10944pt
* \textheight=704.0pt
* \oddsidemargin=0.0pt
* \evensidemargin=0.0pt
* \topmargin=-21.68121pt
* \headheight=20.0pt
* \headsep=18.45792pt
* \topskip=10.0pt
* \footskip=28.45792pt
* \marginparwidth=18.49426pt
* \marginparsep=18.49426pt
* \columnsep=18.49426pt
* \skip\footins=16.0pt plus 5.0pt minus 2.0pt
* \hoffset=0.0pt
* \voffset=0.0pt
* \mag=1000
* \@twocolumnfalse
* \@twosidefalse
* \@mparswitchfalse
* \@reversemarginfalse
* (1in=72.27pt=25.4mm, 1cm=28.453pt)

(/usr/local/texlive/2018/texmf-dist/tex/latex/cjk/texinput/UTF8/UTF8.enc
File: UTF8.enc 2015/04/18 4.8.4
) (/usr/local/texlive/2018/texmf-dist/tex/latex/cjk/texinput/UTF8/UTF8.chr
File: UTF8.chr 2015/04/18 4.8.4
) (/usr/local/texlive/2018/texmf-dist/tex/context/base/mkii/supp-pdf.mkii
[Loading MPS to PDF converter (version 2006.09.02).]
\scratchcounter=\count116
\scratchdimen=\dimen141
\scratchbox=\box44
\nofMPsegments=\count117
\nofMParguments=\count118
\everyMPshowfont=\toks27
\MPscratchCnt=\count119
\MPscratchDim=\dimen142
\MPnumerator=\count120
\makeMPintoPDFobject=\count121
\everyMPtoPDFconversion=\toks28
) (/usr/local/texlive/2018/texmf-dist/tex/latex/oberdiek/epstopdf-base.sty
Package: epstopdf-base 2016/05/15 v2.6 Base part for package epstopdf
 (/usr/local/texlive/2018/texmf-dist/tex/generic/oberdiek/infwarerr.sty
Package: infwarerr 2016/05/16 v1.4 Providing info/warning/error messages (HO)
) (/usr/local/texlive/2018/texmf-dist/tex/latex/oberdiek/grfext.sty
Package: grfext 2016/05/16 v1.2 Manage graphics extensions (HO)
 (/usr/local/texlive/2018/texmf-dist/tex/generic/oberdiek/kvdefinekeys.sty
Package: kvdefinekeys 2016/05/16 v1.4 Define keys (HO)
 (/usr/local/texlive/2018/texmf-dist/tex/generic/oberdiek/ltxcmds.sty
Package: ltxcmds 2016/05/16 v1.23 LaTeX kernel commands for general use (HO)
))) (/usr/local/texlive/2018/texmf-dist/tex/latex/oberdiek/kvoptions.sty
Package: kvoptions 2016/05/16 v3.12 Key value format for package options (HO)
 (/usr/local/texlive/2018/texmf-dist/tex/generic/oberdiek/kvsetkeys.sty
Package: kvsetkeys 2016/05/16 v1.17 Key value parser (HO)
 (/usr/local/texlive/2018/texmf-dist/tex/generic/oberdiek/etexcmds.sty
Package: etexcmds 2016/05/16 v1.6 Avoid name clashes with e-TeX commands (HO)
 (/usr/local/texlive/2018/texmf-dist/tex/generic/oberdiek/ifluatex.sty
Package: ifluatex 2016/05/16 v1.4 Provides the ifluatex switch (HO)
Package ifluatex Info: LuaTeX not detected.
)
Package etexcmds Info: Could not find \expanded.
(etexcmds)             That can mean that you are not using pdfTeX 1.50 or
(etexcmds)             that some package has redefined \expanded.
(etexcmds)             In the latter case, load this package earlier.
))) (/usr/local/texlive/2018/texmf-dist/tex/generic/oberdiek/pdftexcmds.sty
Package: pdftexcmds 2018/09/10 v0.29 Utility functions of pdfTeX for LuaTeX (HO)
Package pdftexcmds Info: LuaTeX not detected.
Package pdftexcmds Info: \pdf@primitive is available.
Package pdftexcmds Info: \pdf@ifprimitive is available.
Package pdftexcmds Info: \pdfdraftmode found.
)
Package epstopdf-base Info: Redefining graphics rule for `.eps' on input line 438.
Package grfext Info: Graphics extension search list:
(grfext)             [.pdf,.png,.jpg,.mps,.jpeg,.jbig2,.jb2,.PDF,.PNG,.JPG,.JPEG,.JBIG2,.JB2,.eps]
(grfext)             \AppendGraphicsExtensions on input line 456.
 (/usr/local/texlive/2018/texmf-dist/tex/latex/latexconfig/epstopdf-sys.cfg
File: epstopdf-sys.cfg 2010/07/13 v1.3 Configuration of (r)epstopdf for TeX Live
))
LaTeX Font Info:    Font shape `C70/mc/m/n' will be
(Font)              scaled to size 15.97903pt on input line 8.
LaTeX Font Info:    Font shape `C70/mc/m/n' will be
(Font)              scaled to size 15.97903pt on input line 8.
LaTeX Font Info:    Font shape `C70/mc/m/n' will be
(Font)              scaled to size 15.97903pt on input line 8.
LaTeX Font Info:    Font shape `C70/mc/m/n' will be
(Font)              scaled to size 15.97903pt on input line 8.
LaTeX Font Info:    Try loading font information for U+msa on input line 8.
 (/usr/local/texlive/2018/texmf-dist/tex/latex/amsfonts/umsa.fd
File: umsa.fd 2013/01/14 v3.01 AMS symbols A
)
LaTeX Font Info:    Try loading font information for U+msb on input line 8.
 (/usr/local/texlive/2018/texmf-dist/tex/latex/amsfonts/umsb.fd
File: umsb.fd 2013/01/14 v3.01 AMS symbols B
)

LaTeX Warning: No \author given.

LaTeX Font Info:    Font shape `C70/mc/m/n' will be
(Font)              scaled to size 11.09656pt on input line 8.
LaTeX Font Info:    Font shape `C70/mc/m/n' will be
(Font)              scaled to size 11.09656pt on input line 8.
LaTeX Font Info:    Font shape `C70/mc/m/n' will be
(Font)              scaled to size 11.09656pt on input line 8.
LaTeX Font Info:    Font shape `C70/gt/m/n' will be
(Font)              scaled to size 8.32242pt on input line 11.
LaTeX Font Info:    Font shape `C70/gt/m/n' will be
(Font)              scaled to size 8.32242pt on input line 11.
LaTeX Font Info:    Font shape `C70/mc/m/n' will be
(Font)              scaled to size 8.32242pt on input line 12.
LaTeX Font Info:    Font shape `C70/mc/m/n' will be
(Font)              scaled to size 8.32242pt on input line 12.
LaTeX Font Info:    Font shape `C70/mc/m/n' will be
(Font)              scaled to size 8.32242pt on input line 12.
LaTeX Font Info:    Font shape `C70/mc/m/n' will be
(Font)              scaled to size 8.32242pt on input line 12.
LaTeX Font Info:    Font shape `C70/mc/m/n' will be
(Font)              scaled to size 8.32242pt on input line 12.
LaTeX Font Info:    Font shape `C70/mc/m/n' will be
(Font)              scaled to size 8.32242pt on input line 12.
LaTeX Font Info:    Font shape `C70/mc/m/n' will be
(Font)              scaled to size 8.32242pt on input line 12.
LaTeX Font Info:    Font shape `C70/mc/m/n' will be
(Font)              scaled to size 8.32242pt on input line 12.
LaTeX Font Info:    Font shape `C70/mc/m/n' will be
(Font)              scaled to size 8.32242pt on input line 12.
LaTeX Font Info:    Font shape `C70/mc/m/n' will be
(Font)              scaled to size 8.32242pt on input line 12.
LaTeX Font Info:    Font shape `C70/mc/m/n' will be
(Font)              scaled to size 8.32242pt on input line 12.
LaTeX Font Info:    Font shape `C70/mc/m/n' will be
(Font)              scaled to size 8.32242pt on input line 12.
Package CJKpunct Info: punctuation spaces for family 'mc' do not exist. Use family 'def' instead. on input line 12.
LaTeX Font Info:    Font shape `C70/mc/m/n' will be
(Font)              scaled to size 8.32242pt on input line 12.
LaTeX Font Info:    Font shape `C70/mc/m/n' will be
(Font)              scaled to size 8.32242pt on input line 12.
LaTeX Font Info:    Font shape `C70/mc/m/n' will be
(Font)              scaled to size 8.32242pt on input line 12.
LaTeX Font Info:    Font shape `C70/mc/m/n' will be
(Font)              scaled to size 8.32242pt on input line 12.
LaTeX Font Info:    Font shape `C70/mc/m/n' will be
(Font)              scaled to size 8.32242pt on input line 13.
LaTeX Font Info:    Font shape `C70/mc/m/n' will be
(Font)              scaled to size 8.32242pt on input line 13.
LaTeX Font Info:    Font shape `C70/mc/m/n' will be
(Font)              scaled to size 8.32242pt on input line 13.
LaTeX Font Info:    Font shape `C70/mc/m/n' will be
(Font)              scaled to size 8.32242pt on input line 13.
LaTeX Font Info:    Font shape `C70/mc/m/n' will be
(Font)              scaled to size 8.32242pt on input line 13.
LaTeX Font Info:    Font shape `C70/mc/m/n' will be
(Font)              scaled to size 8.32242pt on input line 13.
LaTeX Font Info:    Font shape `C70/mc/m/n' will be
(Font)              scaled to size 8.32242pt on input line 13.
(/Users/ryoga/Documents/Note/Note_Electromagnetism/./files/1/1.tex
LaTeX Font Info:    Font shape `C70/gt/m/n' will be
(Font)              scaled to size 13.31586pt on input line 1.
LaTeX Font Info:    Font shape `C70/gt/m/n' will be
(Font)              scaled to size 13.31586pt on input line 1.
LaTeX Font Info:    Font shape `C70/gt/m/n' will be
(Font)              scaled to size 13.31586pt on input line 1.
Package CJKpunct Info: punctuation spaces for family 'gt' do not exist. Use family 'def' instead. on input line 1.
LaTeX Font Info:    Font shape `C70/gt/m/n' will be
(Font)              scaled to size 13.31586pt on input line 1.
LaTeX Font Info:    Font shape `C70/gt/m/n' will be
(Font)              scaled to size 11.09656pt on input line 2.
LaTeX Font Info:    Font shape `C70/gt/m/n' will be
(Font)              scaled to size 11.09656pt on input line 2.
LaTeX Font Info:    Font shape `C70/mc/m/n' will be
(Font)              scaled to size 9.24713pt on input line 3.
LaTeX Font Info:    Font shape `C70/mc/m/n' will be
(Font)              scaled to size 9.24713pt on input line 3.
LaTeX Font Info:    Font shape `C70/mc/m/n' will be
(Font)              scaled to size 9.24713pt on input line 3.
LaTeX Font Info:    Font shape `C70/mc/m/n' will be
(Font)              scaled to size 9.24713pt on input line 3.
LaTeX Font Info:    Font shape `C70/mc/m/n' will be
(Font)              scaled to size 9.24713pt on input line 3.
LaTeX Font Info:    Font shape `C70/mc/m/n' will be
(Font)              scaled to size 9.24713pt on input line 4.
LaTeX Font Info:    Font shape `C70/mc/m/n' will be
(Font)              scaled to size 9.24713pt on input line 4.
LaTeX Font Info:    Font shape `C70/mc/m/n' will be
(Font)              scaled to size 9.24713pt on input line 5.
LaTeX Font Info:    Font shape `C70/mc/m/n' will be
(Font)              scaled to size 9.24713pt on input line 5.
LaTeX Font Info:    Font shape `C70/mc/m/n' will be
(Font)              scaled to size 9.24713pt on input line 5.
LaTeX Font Info:    Font shape `C70/mc/m/n' will be
(Font)              scaled to size 9.24713pt on input line 6.
LaTeX Font Info:    Font shape `C70/mc/m/n' will be
(Font)              scaled to size 9.24713pt on input line 6.
LaTeX Font Info:    Font shape `C70/mc/m/n' will be
(Font)              scaled to size 9.24713pt on input line 7.
LaTeX Font Info:    Font shape `C70/mc/m/n' will be
(Font)              scaled to size 9.24713pt on input line 7.
LaTeX Font Info:    Font shape `C70/mc/m/n' will be
(Font)              scaled to size 9.24713pt on input line 7.
LaTeX Font Info:    Font shape `C70/mc/m/n' will be
(Font)              scaled to size 9.24713pt on input line 7.
LaTeX Font Info:    Font shape `C70/mc/m/n' will be
(Font)              scaled to size 9.24713pt on input line 8.
LaTeX Font Info:    Font shape `C70/mc/m/n' will be
(Font)              scaled to size 9.24713pt on input line 8.
LaTeX Font Info:    Font shape `C70/mc/m/n' will be
(Font)              scaled to size 9.24713pt on input line 8.
LaTeX Font Info:    Font shape `C70/mc/m/n' will be
(Font)              scaled to size 9.24713pt on input line 8.
LaTeX Font Info:    Font shape `C70/mc/m/n' will be
(Font)              scaled to size 9.24713pt on input line 8.
LaTeX Font Info:    Font shape `C70/mc/m/n' will be
(Font)              scaled to size 9.24713pt on input line 8.
LaTeX Font Info:    Font shape `C70/mc/m/n' will be
(Font)              scaled to size 9.24713pt on input line 9.
LaTeX Font Info:    Font shape `C70/mc/m/n' will be
(Font)              scaled to size 9.24713pt on input line 9.
LaTeX Font Info:    Font shape `C70/mc/m/n' will be
(Font)              scaled to size 9.24713pt on input line 10.
LaTeX Font Info:    Font shape `C70/mc/m/n' will be
(Font)              scaled to size 9.24713pt on input line 11.
LaTeX Font Info:    Font shape `C70/gt/m/n' will be
(Font)              scaled to size 11.09656pt on input line 13.
LaTeX Font Info:    Font shape `C70/gt/m/n' will be
(Font)              scaled to size 11.09656pt on input line 13.
LaTeX Font Info:    Font shape `C70/gt/m/n' will be
(Font)              scaled to size 11.09656pt on input line 13.
LaTeX Font Info:    Font shape `C70/gt/m/n' will be
(Font)              scaled to size 11.09656pt on input line 13.
LaTeX Font Info:    Font shape `C70/gt/m/n' will be
(Font)              scaled to size 11.09656pt on input line 13.
LaTeX Font Info:    Font shape `C70/gt/m/n' will be
(Font)              scaled to size 11.09656pt on input line 13.
LaTeX Font Info:    Font shape `C70/mc/m/n' will be
(Font)              scaled to size 9.24713pt on input line 14.
LaTeX Font Info:    Font shape `C70/mc/m/n' will be
(Font)              scaled to size 9.24713pt on input line 14.
LaTeX Font Info:    Font shape `C70/mc/m/n' will be
(Font)              scaled to size 9.24713pt on input line 16.
LaTeX Font Info:    Font shape `C70/gt/m/n' will be
(Font)              scaled to size 11.09656pt on input line 18.
LaTeX Font Info:    Font shape `C70/gt/m/n' will be
(Font)              scaled to size 11.09656pt on input line 18.
LaTeX Font Info:    Font shape `C70/gt/m/n' will be
(Font)              scaled to size 11.09656pt on input line 18.
<./files/1/imgs/1.pdf, id=46, 722.7pt x 372.9132pt>
File: ./files/1/imgs/1.pdf Graphic file (type pdf)
<use ./files/1/imgs/1.pdf>
Package pdftex.def Info: ./files/1/imgs/1.pdf  used on input line 19.
(pdftex.def)             Requested size: 216.81166pt x 111.87482pt.
LaTeX Font Info:    Font shape `C70/gt/m/n' will be
(Font)              scaled to size 11.09656pt on input line 20.
<./files/1/imgs/2.pdf, id=48, 722.7pt x 272.4579pt>
File: ./files/1/imgs/2.pdf Graphic file (type pdf)
<use ./files/1/imgs/2.pdf>
Package pdftex.def Info: ./files/1/imgs/2.pdf  used on input line 21.
(pdftex.def)             Requested size: 144.53743pt x 54.4906pt.
LaTeX Font Info:    Font shape `C70/mc/m/n' will be
(Font)              scaled to size 9.24713pt on input line 22.
 [1

 <./files/1/imgs/1.pdf>]
LaTeX Font Info:    Font shape `C70/mc/m/n' will be
(Font)              scaled to size 9.24713pt on input line 22.
LaTeX Font Info:    Font shape `C70/mc/m/n' will be
(Font)              scaled to size 9.24713pt on input line 28.
LaTeX Font Info:    Font shape `C70/mc/m/n' will be
(Font)              scaled to size 9.24713pt on input line 28.
LaTeX Font Info:    Font shape `C70/mc/m/n' will be
(Font)              scaled to size 9.24713pt on input line 28.
LaTeX Font Info:    Font shape `C70/gt/m/n' will be
(Font)              scaled to size 11.09656pt on input line 32.
<./files/1/imgs/3.pdf, id=126, 718.3638pt x 722.7pt>
File: ./files/1/imgs/3.pdf Graphic file (type pdf)
<use ./files/1/imgs/3.pdf>
Package pdftex.def Info: ./files/1/imgs/3.pdf  used on input line 33.
(pdftex.def)             Requested size: 122.12022pt x 122.85736pt.
LaTeX Font Info:    Font shape `C70/mc/m/n' will be
(Font)              scaled to size 9.24713pt on input line 34.
LaTeX Font Info:    Font shape `C70/mc/m/n' will be
(Font)              scaled to size 9.24713pt on input line 35.
LaTeX Font Info:    Font shape `C70/mc/m/n' will be
(Font)              scaled to size 9.24713pt on input line 53.
 [2 <./files/1/imgs/2.pdf> <./files/1/imgs/3.pdf

pdfTeX warning: pdflatex (file ./files/1/imgs/3.pdf): PDF inclusion: multiple pdfs with page group included in a single page
>]
LaTeX Font Info:    Font shape `C70/mc/m/n' will be
(Font)              scaled to size 9.24713pt on input line 60.
LaTeX Font Info:    Font shape `C70/mc/m/n' will be
(Font)              scaled to size 9.24713pt on input line 60.
LaTeX Font Info:    Font shape `C70/gt/m/n' will be
(Font)              scaled to size 11.09656pt on input line 64.
<./files/1/imgs/4.pdf, id=157, 620.07661pt x 722.7pt>
File: ./files/1/imgs/4.pdf Graphic file (type pdf)
<use ./files/1/imgs/4.pdf>
Package pdftex.def Info: ./files/1/imgs/4.pdf  used on input line 65.
(pdftex.def)             Requested size: 62.01129pt x 72.27423pt.
LaTeX Font Info:    Font shape `C70/mc/m/n' will be
(Font)              scaled to size 9.24713pt on input line 66.
LaTeX Font Info:    Font shape `C70/mc/m/n' will be
(Font)              scaled to size 9.24713pt on input line 66.
LaTeX Font Info:    Font shape `C70/mc/m/n' will be
(Font)              scaled to size 9.24713pt on input line 66.
LaTeX Font Info:    Font shape `C70/mc/m/n' will be
(Font)              scaled to size 9.24713pt on input line 67.
LaTeX Font Info:    Font shape `C70/gt/m/n' will be
(Font)              scaled to size 11.09656pt on input line 69.
LaTeX Font Info:    Font shape `C70/gt/m/n' will be
(Font)              scaled to size 11.09656pt on input line 69.
LaTeX Font Info:    Font shape `C70/mc/m/n' will be
(Font)              scaled to size 9.24713pt on input line 72.
LaTeX Font Info:    Font shape `C70/mc/m/n' will be
(Font)              scaled to size 9.24713pt on input line 72.
LaTeX Font Info:    Font shape `C70/mc/m/n' will be
(Font)              scaled to size 9.24713pt on input line 72.
<./files/1/imgs/5.pdf, id=159, 722.7pt x 710.41411pt>
File: ./files/1/imgs/5.pdf Graphic file (type pdf)
<use ./files/1/imgs/5.pdf>
Package pdftex.def Info: ./files/1/imgs/5.pdf  used on input line 77.
(pdftex.def)             Requested size: 144.53743pt x 142.08029pt.
LaTeX Font Info:    Font shape `C70/gt/m/n' will be
(Font)              scaled to size 11.09656pt on input line 83.
Class bxjsarticle Info: Old font command '\bf' is used!!
(bxjsarticle)           The first occurrence is on input line 84.
LaTeX Font Info:    Font shape `C70/mc/bx/n'
(Font)              in size <10> not available.
(Font)              Font shape `C70/gt/m/n'
(Font)              tried instead on input line 84.
LaTeX Font Info:    Font shape `C70/gt/m/n' will be
(Font)              scaled to size 9.24713pt on input line 84.
LaTeX Font Info:    Font shape `C70/gt/m/n' will be
(Font)              scaled to size 9.24713pt on input line 84.
 [3 <./files/1/imgs/4.pdf> <./files/1/imgs/5.pdf

pdfTeX warning: pdflatex (file ./files/1/imgs/5.pdf): PDF inclusion: multiple pdfs with page group included in a single page
>]
LaTeX Font Info:    Font shape `C70/gt/m/n' will be
(Font)              scaled to size 9.24713pt on input line 88.
LaTeX Font Info:    Font shape `C70/gt/m/n' will be
(Font)              scaled to size 9.24713pt on input line 88.
LaTeX Font Info:    Font shape `C70/gt/m/n' will be
(Font)              scaled to size 9.24713pt on input line 88.
LaTeX Font Info:    Font shape `C70/gt/m/n' will be
(Font)              scaled to size 9.24713pt on input line 88.
LaTeX Font Info:    Font shape `C70/gt/m/n' will be
(Font)              scaled to size 9.24713pt on input line 88.
LaTeX Font Info:    Font shape `C70/gt/m/n' will be
(Font)              scaled to size 9.24713pt on input line 88.
LaTeX Font Info:    Font shape `C70/gt/m/n' will be
(Font)              scaled to size 9.24713pt on input line 88.
LaTeX Font Info:    Font shape `C70/gt/m/n' will be
(Font)              scaled to size 9.24713pt on input line 88.
LaTeX Font Info:    Font shape `C70/gt/m/n' will be
(Font)              scaled to size 9.24713pt on input line 88.
LaTeX Font Info:    Font shape `C70/gt/m/n' will be
(Font)              scaled to size 9.24713pt on input line 88.
LaTeX Font Info:    Font shape `C70/mc/m/n' will be
(Font)              scaled to size 9.24713pt on input line 100.
LaTeX Font Info:    Font shape `C70/gt/m/n' will be
(Font)              scaled to size 9.24713pt on input line 105.
LaTeX Font Info:    Font shape `C70/gt/m/n' will be
(Font)              scaled to size 9.24713pt on input line 105.
LaTeX Font Info:    Font shape `C70/gt/m/n' will be
(Font)              scaled to size 9.24713pt on input line 105.
<./files/1/imgs/6.pdf, id=185, 722.7pt x 558.6471pt>
File: ./files/1/imgs/6.pdf Graphic file (type pdf)
<use ./files/1/imgs/6.pdf>
Package pdftex.def Info: ./files/1/imgs/6.pdf  used on input line 106.
(pdftex.def)             Requested size: 144.53743pt x 111.72743pt.
LaTeX Font Info:    Font shape `C70/gt/m/n' will be
(Font)              scaled to size 9.24713pt on input line 107.
LaTeX Font Info:    Font shape `C70/gt/m/n' will be
(Font)              scaled to size 9.24713pt on input line 107.
LaTeX Font Info:    Font shape `C70/gt/m/n' will be
(Font)              scaled to size 9.24713pt on input line 107.
LaTeX Font Info:    Font shape `C70/gt/m/n' will be
(Font)              scaled to size 9.24713pt on input line 107.
LaTeX Font Info:    Font shape `C70/gt/m/n' will be
(Font)              scaled to size 9.24713pt on input line 107.
LaTeX Font Info:    Font shape `C70/gt/m/n' will be
(Font)              scaled to size 9.24713pt on input line 107.
LaTeX Font Info:    Font shape `C70/gt/m/n' will be
(Font)              scaled to size 9.24713pt on input line 107.
LaTeX Font Info:    Font shape `C70/gt/m/n' will be
(Font)              scaled to size 9.24713pt on input line 112.
LaTeX Font Info:    Font shape `C70/gt/m/n' will be
(Font)              scaled to size 9.24713pt on input line 112.
LaTeX Font Info:    Font shape `C70/gt/m/n' will be
(Font)              scaled to size 9.24713pt on input line 112.
LaTeX Font Info:    Font shape `C70/gt/m/n' will be
(Font)              scaled to size 9.24713pt on input line 112.
LaTeX Font Info:    Font shape `C70/gt/m/n' will be
(Font)              scaled to size 9.24713pt on input line 112.
LaTeX Font Info:    Font shape `C70/gt/m/n' will be
(Font)              scaled to size 9.24713pt on input line 112.
LaTeX Font Info:    Font shape `C70/gt/m/n' will be
(Font)              scaled to size 11.09656pt on input line 118.
<./files/1/imgs/7.pdf, id=186, 722.7pt x 708.24597pt>
File: ./files/1/imgs/7.pdf Graphic file (type pdf)
<use ./files/1/imgs/7.pdf>
Package pdftex.def Info: ./files/1/imgs/7.pdf  used on input line 120.
(pdftex.def)             Requested size: 144.53743pt x 141.64668pt.
 [4 <./files/1/imgs/6.pdf>]
LaTeX Font Info:    Font shape `C70/mc/m/n' will be
(Font)              scaled to size 9.24713pt on input line 121.
LaTeX Font Info:    Font shape `C70/gt/m/n' will be
(Font)              scaled to size 9.24713pt on input line 131.
LaTeX Font Info:    Font shape `C70/gt/m/n' will be
(Font)              scaled to size 9.24713pt on input line 131.
<./files/1/imgs/8.pdf, id=208, 722.7pt x 448.07399pt>
File: ./files/1/imgs/8.pdf Graphic file (type pdf)
<use ./files/1/imgs/8.pdf>
Package pdftex.def Info: ./files/1/imgs/8.pdf  used on input line 132.
(pdftex.def)             Requested size: 252.94878pt x 156.82823pt.
LaTeX Font Info:    Font shape `C70/mc/m/n' will be
(Font)              scaled to size 9.24713pt on input line 133.
LaTeX Font Info:    Font shape `C70/mc/m/n' will be
(Font)              scaled to size 9.24713pt on input line 134.
 [5 <./files/1/imgs/7.pdf> <./files/1/imgs/8.pdf

pdfTeX warning: pdflatex (file ./files/1/imgs/8.pdf): PDF inclusion: multiple pdfs with page group included in a single page
>]
LaTeX Font Info:    Font shape `C70/gt/m/n' will be
(Font)              scaled to size 9.24713pt on input line 146.
LaTeX Font Info:    Font shape `C70/gt/m/n' will be
(Font)              scaled to size 9.24713pt on input line 146.
LaTeX Font Info:    Font shape `C70/gt/m/n' will be
(Font)              scaled to size 9.24713pt on input line 146.
<./files/1/imgs/9.pdf, id=233, 722.7pt x 486.37709pt>
File: ./files/1/imgs/9.pdf Graphic file (type pdf)
<use ./files/1/imgs/9.pdf>
Package pdftex.def Info: ./files/1/imgs/9.pdf  used on input line 147.
(pdftex.def)             Requested size: 216.81166pt x 145.91425pt.
<./files/1/imgs/10.pdf, id=234, 651.8754pt x 722.7pt>
File: ./files/1/imgs/10.pdf Graphic file (type pdf)
<use ./files/1/imgs/10.pdf>
Package pdftex.def Info: ./files/1/imgs/10.pdf  used on input line 148.
(pdftex.def)             Requested size: 130.37276pt x 144.53743pt.
LaTeX Font Info:    Font shape `C70/mc/m/n' will be
(Font)              scaled to size 9.24713pt on input line 149.
LaTeX Font Info:    Font shape `C70/gt/m/n' will be
(Font)              scaled to size 9.24713pt on input line 152.
LaTeX Font Info:    Font shape `C70/gt/m/n' will be
(Font)              scaled to size 9.24713pt on input line 152.
LaTeX Font Info:    Font shape `C70/gt/m/n' will be
(Font)              scaled to size 9.24713pt on input line 152.
 [6 <./files/1/imgs/9.pdf> <./files/1/imgs/10.pdf

pdfTeX warning: pdflatex (file ./files/1/imgs/10.pdf): PDF inclusion: multiple pdfs with page group included in a single page
>]
LaTeX Font Info:    Font shape `C70/gt/m/n' will be
(Font)              scaled to size 9.24713pt on input line 160.
LaTeX Font Info:    Font shape `C70/gt/m/n' will be
(Font)              scaled to size 9.24713pt on input line 160.
LaTeX Font Info:    Font shape `C70/gt/m/n' will be
(Font)              scaled to size 9.24713pt on input line 160.
<./files/1/imgs/11.pdf, id=254, 722.7pt x 408.32549pt>
File: ./files/1/imgs/11.pdf Graphic file (type pdf)
<use ./files/1/imgs/11.pdf>
Package pdftex.def Info: ./files/1/imgs/11.pdf  used on input line 181.
(pdftex.def)             Requested size: 144.53743pt x 81.66364pt.
LaTeX Font Info:    Font shape `C70/gt/m/n' will be
(Font)              scaled to size 9.24713pt on input line 183.
<./files/1/imgs/12.pdf, id=255, 722.7pt x 604.17719pt>
File: ./files/1/imgs/12.pdf Graphic file (type pdf)
<use ./files/1/imgs/12.pdf>
Package pdftex.def Info: ./files/1/imgs/12.pdf  used on input line 184.
(pdftex.def)             Requested size: 144.53743pt x 120.83328pt.
LaTeX Font Info:    Font shape `C70/gt/m/n' will be
(Font)              scaled to size 9.24713pt on input line 186.
LaTeX Font Info:    Font shape `C70/gt/m/n' will be
(Font)              scaled to size 9.24713pt on input line 186.
LaTeX Font Info:    Font shape `C70/gt/m/n' will be
(Font)              scaled to size 9.24713pt on input line 186.
 [7 <./files/1/imgs/11.pdf> <./files/1/imgs/12.pdf

pdfTeX warning: pdflatex (file ./files/1/imgs/12.pdf): PDF inclusion: multiple pdfs with page group included in a single page
>]
LaTeX Font Info:    Font shape `C70/gt/m/n' will be
(Font)              scaled to size 9.24713pt on input line 194.
LaTeX Font Info:    Font shape `C70/gt/m/n' will be
(Font)              scaled to size 9.24713pt on input line 194.
LaTeX Font Info:    Font shape `C70/gt/m/n' will be
(Font)              scaled to size 9.24713pt on input line 194.
<./files/1/imgs/13.pdf, id=274, 722.7pt x 413.3844pt>
File: ./files/1/imgs/13.pdf Graphic file (type pdf)
<use ./files/1/imgs/13.pdf>
Package pdftex.def Info: ./files/1/imgs/13.pdf  used on input line 214.
(pdftex.def)             Requested size: 144.53743pt x 82.6754pt.
LaTeX Font Info:    Font shape `C70/gt/m/n' will be
(Font)              scaled to size 9.24713pt on input line 216.
LaTeX Font Info:    Font shape `C70/gt/m/n' will be
(Font)              scaled to size 9.24713pt on input line 216.
LaTeX Font Info:    Font shape `C70/gt/m/n' will be
(Font)              scaled to size 9.24713pt on input line 216.
<./files/1/imgs/14.pdf, id=275, 722.7pt x 632.3625pt>
File: ./files/1/imgs/14.pdf Graphic file (type pdf)
<use ./files/1/imgs/14.pdf>
Package pdftex.def Info: ./files/1/imgs/14.pdf  used on input line 217.
(pdftex.def)             Requested size: 144.53743pt x 126.47026pt.
 [8 <./files/1/imgs/13.pdf>]
LaTeX Font Info:    Font shape `C70/gt/m/n' will be
(Font)              scaled to size 9.24713pt on input line 221.
LaTeX Font Info:    Font shape `C70/gt/m/n' will be
(Font)              scaled to size 9.24713pt on input line 221.
LaTeX Font Info:    Font shape `C70/gt/m/n' will be
(Font)              scaled to size 9.24713pt on input line 221.
LaTeX Font Info:    Font shape `C70/gt/m/n' will be
(Font)              scaled to size 9.24713pt on input line 229.
LaTeX Font Info:    Font shape `C70/gt/m/n' will be
(Font)              scaled to size 9.24713pt on input line 229.
LaTeX Font Info:    Font shape `C70/gt/m/n' will be
(Font)              scaled to size 9.24713pt on input line 229.
<./files/1/imgs/15.pdf, id=286, 722.7pt x 419.166pt>
File: ./files/1/imgs/15.pdf Graphic file (type pdf)
<use ./files/1/imgs/15.pdf>
Package pdftex.def Info: ./files/1/imgs/15.pdf  used on input line 235.
(pdftex.def)             Requested size: 144.53743pt x 83.83171pt.
LaTeX Font Info:    Font shape `C70/gt/m/n' will be
(Font)              scaled to size 9.24713pt on input line 237.
<./files/1/imgs/16.pdf, id=287, 722.7pt x 385.92181pt>
File: ./files/1/imgs/16.pdf Graphic file (type pdf)
<use ./files/1/imgs/16.pdf>
Package pdftex.def Info: ./files/1/imgs/16.pdf  used on input line 238.
(pdftex.def)             Requested size: 252.94878pt x 135.07465pt.
 [9 <./files/1/imgs/14.pdf> <./files/1/imgs/15.pdf

pdfTeX warning: pdflatex (file ./files/1/imgs/15.pdf): PDF inclusion: multiple pdfs with page group included in a single page
>]
<./files/1/imgs/17.pdf, id=306, 722.7pt x 315.81992pt>
File: ./files/1/imgs/17.pdf Graphic file (type pdf)
<use ./files/1/imgs/17.pdf>
Package pdftex.def Info: ./files/1/imgs/17.pdf  used on input line 249.
(pdftex.def)             Requested size: 252.94878pt x 110.53862pt.
<./files/1/imgs/18.pdf, id=307, 722.7pt x 435.0654pt>
File: ./files/1/imgs/18.pdf Graphic file (type pdf)
<use ./files/1/imgs/18.pdf>
Package pdftex.def Info: ./files/1/imgs/18.pdf  used on input line 258.
(pdftex.def)             Requested size: 144.53743pt x 87.01152pt.
 [10 <./files/1/imgs/16.pdf> <./files/1/imgs/17.pdf

pdfTeX warning: pdflatex (file ./files/1/imgs/17.pdf): PDF inclusion: multiple pdfs with page group included in a single page
>]
LaTeX Font Info:    Font shape `C70/mc/m/n' will be
(Font)              scaled to size 9.24713pt on input line 260.
LaTeX Font Info:    Font shape `C70/mc/m/n' will be
(Font)              scaled to size 9.24713pt on input line 260.
LaTeX Font Info:    Font shape `C70/gt/m/n' will be
(Font)              scaled to size 9.24713pt on input line 267.
LaTeX Font Info:    Font shape `C70/gt/m/n' will be
(Font)              scaled to size 9.24713pt on input line 267.
LaTeX Font Info:    Font shape `C70/gt/m/n' will be
(Font)              scaled to size 9.24713pt on input line 267.
<./files/1/imgs/19.pdf, id=325, 686.565pt x 722.7pt>
File: ./files/1/imgs/19.pdf Graphic file (type pdf)
<use ./files/1/imgs/19.pdf>
Package pdftex.def Info: ./files/1/imgs/19.pdf  used on input line 269.
(pdftex.def)             Requested size: 137.31056pt x 144.53743pt.
<./files/1/imgs/20.pdf, id=326, 722.7pt x 452.4102pt>
File: ./files/1/imgs/20.pdf Graphic file (type pdf)
<use ./files/1/imgs/20.pdf>
Package pdftex.def Info: ./files/1/imgs/20.pdf  used on input line 276.
(pdftex.def)             Requested size: 144.53743pt x 90.48042pt.
) [11 <./files/1/imgs/18.pdf> <./files/1/imgs/19.pdf

pdfTeX warning: pdflatex (file ./files/1/imgs/19.pdf): PDF inclusion: multiple pdfs with page group included in a single page
> <./files/1/imgs/20.pdf

pdfTeX warning: pdflatex (file ./files/1/imgs/20.pdf): PDF inclusion: multiple pdfs with page group included in a single page
>] (/Users/ryoga/Documents/Note/Note_Electromagnetism/./files/2/2.tex
LaTeX Font Info:    Font shape `C70/gt/m/n' will be
(Font)              scaled to size 13.31586pt on input line 1.
LaTeX Font Info:    Font shape `C70/gt/m/n' will be
(Font)              scaled to size 11.09656pt on input line 3.
LaTeX Font Info:    Font shape `C70/gt/m/n' will be
(Font)              scaled to size 11.09656pt on input line 3.
LaTeX Font Info:    Font shape `C70/gt/m/n' will be
(Font)              scaled to size 11.09656pt on input line 3.
<./files/2/imgs/1.pdf, id=352, 722.7pt x 454.57831pt>
File: ./files/2/imgs/1.pdf Graphic file (type pdf)
<use ./files/2/imgs/1.pdf>
Package pdftex.def Info: ./files/2/imgs/1.pdf  used on input line 4.
(pdftex.def)             Requested size: 144.53743pt x 90.91405pt.
LaTeX Font Info:    Font shape `C70/mc/m/n' will be
(Font)              scaled to size 9.24713pt on input line 9.
LaTeX Font Info:    Font shape `C70/mc/m/n' will be
(Font)              scaled to size 9.24713pt on input line 9.
LaTeX Font Info:    Font shape `C70/gt/m/n' will be
(Font)              scaled to size 11.09656pt on input line 15.
<./files/2/imgs/2.pdf, id=354, 722.7pt x 264.5082pt>
File: ./files/2/imgs/2.pdf Graphic file (type pdf)
<use ./files/2/imgs/2.pdf>
Package pdftex.def Info: ./files/2/imgs/2.pdf  used on input line 17.
(pdftex.def)             Requested size: 144.53743pt x 52.9007pt.
<./files/2/imgs/3.pdf, id=355, 722.7pt x 297.02971pt>
File: ./files/2/imgs/3.pdf Graphic file (type pdf)
<use ./files/2/imgs/3.pdf>
Package pdftex.def Info: ./files/2/imgs/3.pdf  used on input line 22.
(pdftex.def)             Requested size: 144.53743pt x 59.40488pt.
<./files/2/imgs/4.pdf, id=356, 672.83371pt x 722.7pt>
File: ./files/2/imgs/4.pdf Graphic file (type pdf)
<use ./files/2/imgs/4.pdf>
Package pdftex.def Info: ./files/2/imgs/4.pdf  used on input line 28.
(pdftex.def)             Requested size: 154.74849pt x 166.2175pt.
 [12 <./files/2/imgs/1.pdf> <./files/2/imgs/2.pdf

pdfTeX warning: pdflatex (file ./files/2/imgs/2.pdf): PDF inclusion: multiple pdfs with page group included in a single page
> <./files/2/imgs/3.pdf

pdfTeX warning: pdflatex (file ./files/2/imgs/3.pdf): PDF inclusion: multiple pdfs with page group included in a single page
>]
LaTeX Font Info:    Font shape `C70/mc/m/n' will be
(Font)              scaled to size 9.24713pt on input line 37.
<./files/2/imgs/5.pdf, id=381, 722.7pt x 357.7365pt>
File: ./files/2/imgs/5.pdf Graphic file (type pdf)
<use ./files/2/imgs/5.pdf>
Package pdftex.def Info: ./files/2/imgs/5.pdf  used on input line 43.
(pdftex.def)             Requested size: 144.53743pt x 71.54602pt.
 [13 <./files/2/imgs/4.pdf> <./files/2/imgs/5.pdf

pdfTeX warning: pdflatex (file ./files/2/imgs/5.pdf): PDF inclusion: multiple pdfs with page group included in a single page
>]
LaTeX Font Info:    Font shape `C70/gt/m/n' will be
(Font)              scaled to size 11.09656pt on input line 58.
LaTeX Font Info:    Font shape `C70/gt/m/n' will be
(Font)              scaled to size 9.24713pt on input line 59.
<./files/2/imgs/6.pdf, id=400, 722.7pt x 160.43939pt>
File: ./files/2/imgs/6.pdf Graphic file (type pdf)
<use ./files/2/imgs/6.pdf>
Package pdftex.def Info: ./files/2/imgs/6.pdf  used on input line 60.
(pdftex.def)             Requested size: 144.53743pt x 32.0873pt.
LaTeX Font Info:    Font shape `C70/mc/m/n' will be
(Font)              scaled to size 9.24713pt on input line 69.
LaTeX Font Info:    Font shape `C70/mc/m/n' will be
(Font)              scaled to size 9.24713pt on input line 83.
 [14 <./files/2/imgs/6.pdf>]
LaTeX Font Info:    Font shape `C70/gt/m/n' will be
(Font)              scaled to size 9.24713pt on input line 90.
LaTeX Font Info:    Font shape `C70/gt/m/n' will be
(Font)              scaled to size 9.24713pt on input line 90.
LaTeX Font Info:    Font shape `C70/mc/m/n' will be
(Font)              scaled to size 9.24713pt on input line 93.
<./files/2/imgs/7.pdf, id=416, 722.7pt x 445.18318pt>
File: ./files/2/imgs/7.pdf Graphic file (type pdf)
<use ./files/2/imgs/7.pdf>
Package pdftex.def Info: ./files/2/imgs/7.pdf  used on input line 96.
(pdftex.def)             Requested size: 72.27423pt x 44.52092pt.
LaTeX Font Info:    Font shape `C70/gt/m/n' will be
(Font)              scaled to size 11.09656pt on input line 102.
LaTeX Font Info:    Font shape `C70/gt/m/n' will be
(Font)              scaled to size 9.24713pt on input line 103.
<./files/2/imgs/8.pdf, id=417, 722.7pt x 256.5585pt>
File: ./files/2/imgs/8.pdf Graphic file (type pdf)
<use ./files/2/imgs/8.pdf>
Package pdftex.def Info: ./files/2/imgs/8.pdf  used on input line 104.
(pdftex.def)             Requested size: 289.07487pt x 102.62158pt.
LaTeX Font Info:    Font shape `C70/mc/m/n' will be
(Font)              scaled to size 9.24713pt on input line 105.
LaTeX Font Info:    Font shape `C70/gt/m/n' will be
(Font)              scaled to size 9.24713pt on input line 109.
 [15 <./files/2/imgs/7.pdf> <./files/2/imgs/8.pdf

pdfTeX warning: pdflatex (file ./files/2/imgs/8.pdf): PDF inclusion: multiple pdfs with page group included in a single page
>]
<./files/2/imgs/9.pdf, id=439, 722.7pt x 307.87021pt>
File: ./files/2/imgs/9.pdf Graphic file (type pdf)
<use ./files/2/imgs/9.pdf>
Package pdftex.def Info: ./files/2/imgs/9.pdf  used on input line 123.
(pdftex.def)             Requested size: 289.07487pt x 123.14589pt.
LaTeX Font Info:    Font shape `C70/gt/m/n' will be
(Font)              scaled to size 11.09656pt on input line 131.
LaTeX Font Info:    Font shape `C70/gt/m/n' will be
(Font)              scaled to size 9.24713pt on input line 132.
<./files/2/imgs/10.pdf, id=440, 722.7pt x 594.7821pt>
File: ./files/2/imgs/10.pdf Graphic file (type pdf)
<use ./files/2/imgs/10.pdf>
Package pdftex.def Info: ./files/2/imgs/10.pdf  used on input line 133.
(pdftex.def)             Requested size: 108.40031pt x 89.21346pt.
 [16 <./files/2/imgs/9.pdf> <./files/2/imgs/10.pdf

pdfTeX warning: pdflatex (file ./files/2/imgs/10.pdf): PDF inclusion: multiple pdfs with page group included in a single page
>]
LaTeX Font Info:    Font shape `C70/gt/m/n' will be
(Font)              scaled to size 9.24713pt on input line 140.
<./files/2/imgs/11.pdf, id=459, 722.7pt x 302.8113pt>
File: ./files/2/imgs/11.pdf Graphic file (type pdf)
<use ./files/2/imgs/11.pdf>
Package pdftex.def Info: ./files/2/imgs/11.pdf  used on input line 141.
(pdftex.def)             Requested size: 144.53743pt x 60.56117pt.
) [17 <./files/2/imgs/11.pdf>]

Class bxjsarticle Warning: Some old font commands were used in text:
(bxjsarticle)                \bf
(bxjsarticle)              You should note, that since 1994 LaTeX2e provides a
(bxjsarticle)              new font selection scheme called NFSS2 with several
(bxjsarticle)              new, combinable font commands. The class provides
(bxjsarticle)              the old font commands only for compatibility.

(/Users/ryoga/Documents/Note/Note_Electromagnetism/電気磁気学.aux) ) 
Here is how much of TeX's memory you used:
 7919 strings out of 492616
 114797 string characters out of 6128982
 175808 words of memory out of 5000000
 11301 multiletter control sequences out of 15000+600000
 53012 words of font info for 204 fonts, out of 8000000 for 9000
 1146 hyphenation exceptions out of 8191
 41i,22n,43p,946b,368s stack positions out of 5000i,500n,10000p,200000b,80000s
{/usr/local/texlive/2018/texmf-dist/fonts/enc/dvips/ipaex-type1/ipxt1-u91.enc}{/usr/local/texlive/2018/texmf-dist/fonts/enc/dvips/ipaex-type1/ipxt1-u50.enc}{/usr/local/texlive/2018/texmf-dist/fonts/enc/dvips/ipaex-type1/ipxt1-u5d.enc}{/usr/local/texlive/2018/texmf-dist/fonts/enc/dvips/ipaex-type1/ipxt1-u56.enc}{/usr/local/texlive/2018/texmf-dist/fonts/enc/dvips/ipaex-type1/ipxt1-u6e.enc}{/usr/local/texlive/2018/texmf-dist/fonts/enc/dvips/ipaex-type1/ipxt1-u57.enc}{/usr/local/texlive/2018/texmf-dist/fonts/enc/dvips/ipaex-type1/ipxt1-u89.enc}{/usr/local/texlive/2018/texmf-dist/fonts/enc/dvips/ipaex-type1/ipxt1-u55.enc}{/usr/local/texlive/2018/texmf-dist/fonts/enc/dvips/ipaex-type1/ipxt1-u8d.enc}{/usr/local/texlive/2018/texmf-dist/fonts/enc/dvips/ipaex-type1/ipxt1-u79.enc}{/usr/local/texlive/2018/texmf-dist/fonts/enc/dvips/ipaex-type1/ipxt1-u5f.enc}{/usr/local/texlive/2018/texmf-dist/fonts/enc/dvips/ipaex-type1/ipxt1-u6d.enc}{/usr/local/texlive/2018/texmf-dist/fonts/enc/dvips/ipaex-type1/ipxt1-u4f.enc}{/usr/local/texlive/2018/texmf-dist/fonts/enc/dvips/ipaex-type1/ipxt1-u88.enc}{/usr/local/texlive/2018/texmf-dist/fonts/enc/dvips/ipaex-type1/ipxt1-u74.enc}{/usr/local/texlive/2018/texmf-dist/fonts/enc/dvips/ipaex-type1/ipxt1-u90.enc}{/usr/local/texlive/2018/texmf-dist/fonts/enc/dvips/ipaex-type1/ipxt1-u59.enc}{/usr/local/texlive/2018/texmf-dist/fonts/enc/dvips/ipaex-type1/ipxt1-u4e.enc}{/usr/local/texlive/2018/texmf-dist/fonts/enc/dvips/ipaex-type1/ipxt1-u8e.enc}{/usr/local/texlive/2018/texmf-dist/fonts/enc/dvips/ipaex-type1/ipxt1-u71.enc}{/usr/local/texlive/2018/texmf-dist/fonts/enc/dvips/ipaex-type1/ipxt1-u95.enc}{/usr/local/texlive/2018/texmf-dist/fonts/enc/dvips/ipaex-type1/ipxt1-u7b.enc}{/usr/local/texlive/2018/texmf-dist/fonts/enc/dvips/ipaex-type1/ipxt1-u7a.enc}{/usr/local/texlive/2018/texmf-dist/fonts/enc/dvips/ipaex-type1/ipxt1-u51.enc}{/usr/local/texlive/2018/texmf-dist/fonts/enc/dvips/ipaex-type1/ipxt1-u65.enc}{/usr/local/texlive/2018/texmf-dist/fonts/enc/dvips/ipaex-type1/ipxt1-u70.enc}{/usr/local/texlive/2018/texmf-dist/fonts/enc/dvips/ipaex-type1/ipxt1-u67.enc}{/usr/local/texlive/2018/texmf-dist/fonts/enc/dvips/ipaex-type1/ipxt1-u97.enc}{/usr/local/texlive/2018/texmf-dist/fonts/enc/dvips/ipaex-type1/ipxt1-u5e.enc}{/usr/local/texlive/2018/texmf-dist/fonts/enc/dvips/ipaex-type1/ipxt1-u5b.enc}{/usr/local/texlive/2018/texmf-dist/fonts/enc/dvips/ipaex-type1/ipxt1-u7d.enc}{/usr/local/texlive/2018/texmf-dist/fonts/enc/dvips/ipaex-type1/ipxt1-u82.enc}{/usr/local/texlive/2018/texmf-dist/fonts/enc/dvips/ipaex-type1/ipxt1-u8f.enc}{/usr/local/texlive/2018/texmf-dist/fonts/enc/dvips/ipaex-type1/ipxt1-u73.enc}{/usr/local/texlive/2018/texmf-dist/fonts/enc/dvips/ipaex-type1/ipxt1-u8a.enc}{/usr/local/texlive/2018/texmf-dist/fonts/enc/dvips/ipaex-type1/ipxt1-u77.enc}{/usr/local/texlive/2018/texmf-dist/fonts/enc/dvips/ipaex-type1/ipxt1-u52.enc}{/usr/local/texlive/2018/texmf-dist/fonts/enc/dvips/ipaex-type1/ipxt1-u5c.enc}{/usr/local/texlive/2018/texmf-dist/fonts/enc/dvips/ipaex-type1/ipxt1-u60.enc}{/usr/local/texlive/2018/texmf-dist/fonts/enc/dvips/ipaex-type1/ipxt1-u76.enc}{/usr/local/texlive/2018/texmf-dist/fonts/enc/dvips/ipaex-type1/ipxt1-u6c.enc}{/usr/local/texlive/2018/texmf-dist/fonts/enc/dvips/ipaex-type1/ipxt1-u8c.enc}{/usr/local/texlive/2018/texmf-dist/fonts/enc/dvips/ipaex-type1/ipxt1-u72.enc}{/usr/local/texlive/2018/texmf-dist/fonts/enc/dvips/ipaex-type1/ipxt1-u75.enc}{/usr/local/texlive/2018/texmf-dist/fonts/enc/dvips/ipaex-type1/ipxt1-u53.enc}{/usr/local/texlive/2018/texmf-dist/fonts/enc/dvips/ipaex-type1/ipxt1-u54.enc}{/usr/local/texlive/2018/texmf-dist/fonts/enc/dvips/ipaex-type1/ipxt1-u21.enc}{/usr/local/texlive/2018/texmf-dist/fonts/enc/dvips/ipaex-type1/ipxt1-u6b.enc}{/usr/local/texlive/2018/texmf-dist/fonts/enc/dvips/ipaex-type1/ipxt1-u61.enc}{/usr/local/texlive/2018/texmf-dist/fonts/enc/dvips/ipaex-type1/ipxt1-u83.enc}{/usr/local/texlive/2018/texmf-dist/fonts/enc/dvips/ipaex-type1/ipxt1-u30.enc}{/usr/local/texlive/2018/texmf-dist/fonts/enc/dvips/ipaex-type1/ipxt1-u96.enc}{/usr/local/texlive/2018/texmf-dist/fonts/enc/dvips/ipaex-type1/ipxt1-u81.enc}{/usr/local/texlive/2018/texmf-dist/fonts/enc/dvips/ipaex-type1/ipxt1-u66.enc}{/usr/local/texlive/2018/texmf-dist/fonts/enc/dvips/ipaex-type1/ipxt1-u63.enc}{/usr/local/texlive/2018/texmf-dist/fonts/enc/dvips/ipaex-type1/ipxt1-u62.enc}{/usr/local/texlive/2018/texmf-dist/fonts/enc/dvips/ipaex-type1/ipxt1-u69.enc}{/usr/local/texlive/2018/texmf-dist/fonts/enc/dvips/ipaex-type1/ipxt1-u7f.enc}{/usr/local/texlive/2018/texmf-dist/fonts/enc/dvips/ipaex-type1/ipxt1-u8b.enc}{/usr/local/texlive/2018/texmf-dist/fonts/enc/dvips/ipaex-type1/ipxt1-uff.enc}{/usr/local/texlive/2018/texmf-dist/fonts/enc/dvips/ipaex-type1/ipxt1-u58.enc}{/usr/local/texlive/2018/texmf-dist/fonts/enc/dvips/ipaex-type1/ipxt1-u9a.enc}{/usr/local/texlive/2018/texmf-dist/fonts/enc/dvips/ipaex-type1/ipxt1-u78.enc}</usr/local/texlive/2018/texmf-dist/fonts/type1/public/amsfonts/cm/cmex10.pfb></usr/local/texlive/2018/texmf-dist/fonts/type1/public/amsfonts/cm/cmmi10.pfb></usr/local/texlive/2018/texmf-dist/fonts/type1/public/amsfonts/cm/cmmi5.pfb></usr/local/texlive/2018/texmf-dist/fonts/type1/public/amsfonts/cm/cmmi7.pfb></usr/local/texlive/2018/texmf-dist/fonts/type1/public/amsfonts/cm/cmr10.pfb></usr/local/texlive/2018/texmf-dist/fonts/type1/public/amsfonts/cm/cmr12.pfb></usr/local/texlive/2018/texmf-dist/fonts/type1/public/amsfonts/cm/cmr5.pfb></usr/local/texlive/2018/texmf-dist/fonts/type1/public/amsfonts/cm/cmr7.pfb></usr/local/texlive/2018/texmf-dist/fonts/type1/public/amsfonts/cm/cmr9.pfb></usr/local/texlive/2018/texmf-dist/fonts/type1/public/amsfonts/cm/cmss10.pfb></usr/local/texlive/2018/texmf-dist/fonts/type1/public/amsfonts/cm/cmss12.pfb></usr/local/texlive/2018/texmf-dist/fonts/type1/public/amsfonts/cm/cmsy10.pfb></usr/local/texlive/2018/texmf-dist/fonts/type1/public/amsfonts/cm/cmsy7.pfb></usr/local/texlive/2018/texmf-dist/fonts/type1/public/ipaex-type1/ipxg-r-u30.pfb></usr/local/texlive/2018/texmf-dist/fonts/type1/public/ipaex-type1/ipxg-r-u4e.pfb></usr/local/texlive/2018/texmf-dist/fonts/type1/public/ipaex-type1/ipxg-r-u4f.pfb></usr/local/texlive/2018/texmf-dist/fonts/type1/public/ipaex-type1/ipxg-r-u50.pfb></usr/local/texlive/2018/texmf-dist/fonts/type1/public/ipaex-type1/ipxg-r-u51.pfb></usr/local/texlive/2018/texmf-dist/fonts/type1/public/ipaex-type1/ipxg-r-u52.pfb></usr/local/texlive/2018/texmf-dist/fonts/type1/public/ipaex-type1/ipxg-r-u57.pfb></usr/local/texlive/2018/texmf-dist/fonts/type1/public/ipaex-type1/ipxg-r-u59.pfb></usr/local/texlive/2018/texmf-dist/fonts/type1/public/ipaex-type1/ipxg-r-u5b.pfb></usr/local/texlive/2018/texmf-dist/fonts/type1/public/ipaex-type1/ipxg-r-u5c.pfb></usr/local/texlive/2018/texmf-dist/fonts/type1/public/ipaex-type1/ipxg-r-u5d.pfb></usr/local/texlive/2018/texmf-dist/fonts/type1/public/ipaex-type1/ipxg-r-u5e.pfb></usr/local/texlive/2018/texmf-dist/fonts/type1/public/ipaex-type1/ipxg-r-u5f.pfb></usr/local/texlive/2018/texmf-dist/fonts/type1/public/ipaex-type1/ipxg-r-u60.pfb></usr/local/texlive/2018/texmf-dist/fonts/type1/public/ipaex-type1/ipxg-r-u65.pfb></usr/local/texlive/2018/texmf-dist/fonts/type1/public/ipaex-type1/ipxg-r-u67.pfb></usr/local/texlive/2018/texmf-dist/fonts/type1/public/ipaex-type1/ipxg-r-u69.pfb></usr/local/texlive/2018/texmf-dist/fonts/type1/public/ipaex-type1/ipxg-r-u6c.pfb></usr/local/texlive/2018/texmf-dist/fonts/type1/public/ipaex-type1/ipxg-r-u6e.pfb></usr/local/texlive/2018/texmf-dist/fonts/type1/public/ipaex-type1/ipxg-r-u70.pfb></usr/local/texlive/2018/texmf-dist/fonts/type1/public/ipaex-type1/ipxg-r-u71.pfb></usr/local/texlive/2018/texmf-dist/fonts/type1/public/ipaex-type1/ipxg-r-u72.pfb></usr/local/texlive/2018/texmf-dist/fonts/type1/public/ipaex-type1/ipxg-r-u74.pfb></usr/local/texlive/2018/texmf-dist/fonts/type1/public/ipaex-type1/ipxg-r-u75.pfb></usr/local/texlive/2018/texmf-dist/fonts/type1/public/ipaex-type1/ipxg-r-u76.pfb></usr/local/texlive/2018/texmf-dist/fonts/type1/public/ipaex-type1/ipxg-r-u79.pfb></usr/local/texlive/2018/texmf-dist/fonts/type1/public/ipaex-type1/ipxg-r-u7a.pfb></usr/local/texlive/2018/texmf-dist/fonts/type1/public/ipaex-type1/ipxg-r-u7b.pfb></usr/local/texlive/2018/texmf-dist/fonts/type1/public/ipaex-type1/ipxg-r-u7d.pfb></usr/local/texlive/2018/texmf-dist/fonts/type1/public/ipaex-type1/ipxg-r-u83.pfb></usr/local/texlive/2018/texmf-dist/fonts/type1/public/ipaex-type1/ipxg-r-u88.pfb></usr/local/texlive/2018/texmf-dist/fonts/type1/public/ipaex-type1/ipxg-r-u89.pfb></usr/local/texlive/2018/texmf-dist/fonts/type1/public/ipaex-type1/ipxg-r-u8a.pfb></usr/local/texlive/2018/texmf-dist/fonts/type1/public/ipaex-type1/ipxg-r-u8c.pfb></usr/local/texlive/2018/texmf-dist/fonts/type1/public/ipaex-type1/ipxg-r-u90.pfb></usr/local/texlive/2018/texmf-dist/fonts/type1/public/ipaex-type1/ipxg-r-u91.pfb></usr/local/texlive/2018/texmf-dist/fonts/type1/public/ipaex-type1/ipxg-r-u95.pfb></usr/local/texlive/2018/texmf-dist/fonts/type1/public/ipaex-type1/ipxg-r-u96.pfb></usr/local/texlive/2018/texmf-dist/fonts/type1/public/ipaex-type1/ipxg-r-u97.pfb></usr/local/texlive/2018/texmf-dist/fonts/type1/public/ipaex-type1/ipxm-r-u21.pfb></usr/local/texlive/2018/texmf-dist/fonts/type1/public/ipaex-type1/ipxm-r-u30.pfb></usr/local/texlive/2018/texmf-dist/fonts/type1/public/ipaex-type1/ipxm-r-u4e.pfb></usr/local/texlive/2018/texmf-dist/fonts/type1/public/ipaex-type1/ipxm-r-u4f.pfb></usr/local/texlive/2018/texmf-dist/fonts/type1/public/ipaex-type1/ipxm-r-u50.pfb></usr/local/texlive/2018/texmf-dist/fonts/type1/public/ipaex-type1/ipxm-r-u51.pfb></usr/local/texlive/2018/texmf-dist/fonts/type1/public/ipaex-type1/ipxm-r-u52.pfb></usr/local/texlive/2018/texmf-dist/fonts/type1/public/ipaex-type1/ipxm-r-u53.pfb></usr/local/texlive/2018/texmf-dist/fonts/type1/public/ipaex-type1/ipxm-r-u54.pfb></usr/local/texlive/2018/texmf-dist/fonts/type1/public/ipaex-type1/ipxm-r-
u55.pfb></usr/local/texlive/2018/texmf-dist/fonts/type1/public/ipaex-type1/ipxm-r-u56.pfb></usr/local/texlive/2018/texmf-dist/fonts/type1/public/ipaex-type1/ipxm-r-u57.pfb></usr/local/texlive/2018/texmf-dist/fonts/type1/public/ipaex-type1/ipxm-r-u58.pfb></usr/local/texlive/2018/texmf-dist/fonts/type1/public/ipaex-type1/ipxm-r-u59.pfb></usr/local/texlive/2018/texmf-dist/fonts/type1/public/ipaex-type1/ipxm-r-u5b.pfb></usr/local/texlive/2018/texmf-dist/fonts/type1/public/ipaex-type1/ipxm-r-u5c.pfb></usr/local/texlive/2018/texmf-dist/fonts/type1/public/ipaex-type1/ipxm-r-u5d.pfb></usr/local/texlive/2018/texmf-dist/fonts/type1/public/ipaex-type1/ipxm-r-u5e.pfb></usr/local/texlive/2018/texmf-dist/fonts/type1/public/ipaex-type1/ipxm-r-u5f.pfb></usr/local/texlive/2018/texmf-dist/fonts/type1/public/ipaex-type1/ipxm-r-u60.pfb></usr/local/texlive/2018/texmf-dist/fonts/type1/public/ipaex-type1/ipxm-r-u61.pfb></usr/local/texlive/2018/texmf-dist/fonts/type1/public/ipaex-type1/ipxm-r-u62.pfb></usr/local/texlive/2018/texmf-dist/fonts/type1/public/ipaex-type1/ipxm-r-u63.pfb></usr/local/texlive/2018/texmf-dist/fonts/type1/public/ipaex-type1/ipxm-r-u65.pfb></usr/local/texlive/2018/texmf-dist/fonts/type1/public/ipaex-type1/ipxm-r-u66.pfb></usr/local/texlive/2018/texmf-dist/fonts/type1/public/ipaex-type1/ipxm-r-u67.pfb></usr/local/texlive/2018/texmf-dist/fonts/type1/public/ipaex-type1/ipxm-r-u69.pfb></usr/local/texlive/2018/texmf-dist/fonts/type1/public/ipaex-type1/ipxm-r-u6b.pfb></usr/local/texlive/2018/texmf-dist/fonts/type1/public/ipaex-type1/ipxm-r-u6c.pfb></usr/local/texlive/2018/texmf-dist/fonts/type1/public/ipaex-type1/ipxm-r-u6d.pfb></usr/local/texlive/2018/texmf-dist/fonts/type1/public/ipaex-type1/ipxm-r-u70.pfb></usr/local/texlive/2018/texmf-dist/fonts/type1/public/ipaex-type1/ipxm-r-u71.pfb></usr/local/texlive/2018/texmf-dist/fonts/type1/public/ipaex-type1/ipxm-r-u72.pfb></usr/local/texlive/2018/texmf-dist/fonts/type1/public/ipaex-type1/ipxm-r-u73.pfb></usr/local/texlive/2018/texmf-dist/fonts/type1/public/ipaex-type1/ipxm-r-u74.pfb></usr/local/texlive/2018/texmf-dist/fonts/type1/public/ipaex-type1/ipxm-r-u75.pfb></usr/local/texlive/2018/texmf-dist/fonts/type1/public/ipaex-type1/ipxm-r-u76.pfb></usr/local/texlive/2018/texmf-dist/fonts/type1/public/ipaex-type1/ipxm-r-u77.pfb></usr/local/texlive/2018/texmf-dist/fonts/type1/public/ipaex-type1/ipxm-r-u78.pfb></usr/local/texlive/2018/texmf-dist/fonts/type1/public/ipaex-type1/ipxm-r-u79.pfb></usr/local/texlive/2018/texmf-dist/fonts/type1/public/ipaex-type1/ipxm-r-u7a.pfb></usr/local/texlive/2018/texmf-dist/fonts/type1/public/ipaex-type1/ipxm-r-u7b.pfb></usr/local/texlive/2018/texmf-dist/fonts/type1/public/ipaex-type1/ipxm-r-u7d.pfb></usr/local/texlive/2018/texmf-dist/fonts/type1/public/ipaex-type1/ipxm-r-u7f.pfb></usr/local/texlive/2018/texmf-dist/fonts/type1/public/ipaex-type1/ipxm-r-u81.pfb></usr/local/texlive/2018/texmf-dist/fonts/type1/public/ipaex-type1/ipxm-r-u82.pfb></usr/local/texlive/2018/texmf-dist/fonts/type1/public/ipaex-type1/ipxm-r-u83.pfb></usr/local/texlive/2018/texmf-dist/fonts/type1/public/ipaex-type1/ipxm-r-u88.pfb></usr/local/texlive/2018/texmf-dist/fonts/type1/public/ipaex-type1/ipxm-r-u89.pfb></usr/local/texlive/2018/texmf-dist/fonts/type1/public/ipaex-type1/ipxm-r-u8a.pfb></usr/local/texlive/2018/texmf-dist/fonts/type1/public/ipaex-type1/ipxm-r-u8b.pfb></usr/local/texlive/2018/texmf-dist/fonts/type1/public/ipaex-type1/ipxm-r-u8c.pfb></usr/local/texlive/2018/texmf-dist/fonts/type1/public/ipaex-type1/ipxm-r-u8d.pfb></usr/local/texlive/2018/texmf-dist/fonts/type1/public/ipaex-type1/ipxm-r-u8e.pfb></usr/local/texlive/2018/texmf-dist/fonts/type1/public/ipaex-type1/ipxm-r-u8f.pfb></usr/local/texlive/2018/texmf-dist/fonts/type1/public/ipaex-type1/ipxm-r-u90.pfb></usr/local/texlive/2018/texmf-dist/fonts/type1/public/ipaex-type1/ipxm-r-u91.pfb></usr/local/texlive/2018/texmf-dist/fonts/type1/public/ipaex-type1/ipxm-r-u95.pfb></usr/local/texlive/2018/texmf-dist/fonts/type1/public/ipaex-type1/ipxm-r-u96.pfb></usr/local/texlive/2018/texmf-dist/fonts/type1/public/ipaex-type1/ipxm-r-u97.pfb></usr/local/texlive/2018/texmf-dist/fonts/type1/public/ipaex-type1/ipxm-r-u9a.pfb></usr/local/texlive/2018/texmf-dist/fonts/type1/public/ipaex-type1/ipxm-r-uff.pfb></usr/local/texlive/2018/texmf-dist/fonts/type1/public/amsfonts/latxfont/lcirclew.pfb></usr/local/texlive/2018/texmf-dist/fonts/type1/public/amsfonts/symbols/msam10.pfb>
Output written on /Users/ryoga/Documents/Note/Note_Electromagnetism/電気磁気学.pdf (17 pages, 3948428 bytes).
PDF statistics:
 888 PDF objects out of 1000 (max. 8388607)
 591 compressed objects within 6 object streams
 0 named destinations out of 1000 (max. 500000)
 408 words of extra memory for PDF output out of 10000 (max. 10000000)

